**********************
Windows PowerShell transcript start
Start time: 20251015140301
Username: DESKTOP-IDSCPD6\bg-side
RunAs User: DESKTOP-IDSCPD6\bg-side
Configuration Name: 
Machine: DESKTOP-IDSCPD6 (Microsoft Windows NT 10.0.19045.0)
Host Application: C:\WINDOWS\System32\WindowsPowerShell\v1.0\powershell.exe -ExecutionPolicy Bypass -File deploy-all-projects.ps1
Process ID: 12764
PSVersion: 5.1.19041.6328
PSEdition: Desktop
PSCompatibleVersions: 1.0, 2.0, 3.0, 4.0, 5.0, 5.1.19041.6328
BuildVersion: 10.0.19041.6328
CLRVersion: 4.0.30319.42000
WSManStackVersion: 3.0
PSRemotingProtocolVersion: 2.3
SerializationVersion: 1.1.0.1
**********************
Transcript started, output file is deployment-20251015-140301.log
Deployment log: deployment-20251015-140301.log
Running Pre-deployment Checks...
OK: docker is installed
OK: docker-compose is installed
OK: python is installed
WARNING: go is not installed (some projects may fail)
OK: node is installed
OK: npm is installed
Starting Project Verification...
Verifying AI-Powered Network Analytics Platform...
OK: AI Network Analytics Platform files verified
OK: AI Network Analytics Platform dependencies verified
Verifying Zero Trust Network Controller...
OK: Zero Trust Network Controller files verified
WARNING: Zero Trust Network Controller Go modules check failed
Verifying 5G Network Slicing Platform...
OK: 5G Network Slicing Platform documentation verified
OK: 5G Network Slicing Platform implementation ready
Verifying Blockchain Network Identity System...
OK: Blockchain Network Identity System contact info updated
OK: Blockchain Network Identity System documentation verified

Project Verification Summary
============================
Verified Projects: 4/4
   AI-Powered Network Analytics Platform: READY
   Zero Trust Network Controller: READY
   5G Network Slicing Platform: READY
   Blockchain Network Identity System: READY

Support & Contact Information
=============================
Email: bgside2368@gmail.com
LinkedIn: https://www.linkedin.com/in/hex41414141
Phone: +963-986-956-140
Location: Damascus, Syria
GitHub: https://github.com/bgside

ALL PROJECTS VERIFIED SUCCESSFULLY!
Ready for deployment and production use.

Total Projects in Portfolio: 10+
Major Projects Verified: 4
Documentation Status: Complete
Deployment Scripts: Ready
Support Contact: Included
**********************
Windows PowerShell transcript end
End time: 20251015140302
**********************
